#! /usr/bin/vvp
:ivl_version "11.0 (stable)";
:ivl_delay_selection "TYPICAL";
:vpi_time_precision - 9;
:vpi_module "/usr/lib/x86_64-linux-gnu/ivl/system.vpi";
:vpi_module "/usr/lib/x86_64-linux-gnu/ivl/vhdl_sys.vpi";
:vpi_module "/usr/lib/x86_64-linux-gnu/ivl/vhdl_textio.vpi";
:vpi_module "/usr/lib/x86_64-linux-gnu/ivl/v2005_math.vpi";
:vpi_module "/usr/lib/x86_64-linux-gnu/ivl/va_math.vpi";
S_0x5616afd77390 .scope module, "GPU_tb" "GPU_tb" 2 4;
 .timescale -9 -9;
v0x5616afd99140_0 .net "addr", 15 0, L_0x5616afdaa4b0;  1 drivers
v0x5616afd99220_0 .var "clk", 0 0;
v0x5616afd992c0_0 .net "hCount", 8 0, L_0x5616afdaa5a0;  1 drivers
v0x5616afd99390_0 .net "hSync", 0 0, v0x5616afd96ea0_0;  1 drivers
v0x5616afd99480_0 .var/i "i", 31 0;
v0x5616afd99570_0 .net "oe", 0 0, L_0x5616afdaa0f0;  1 drivers
v0x5616afd99610_0 .var "rst", 0 0;
v0x5616afd996b0_0 .net "vCount", 9 0, L_0x5616afdaa660;  1 drivers
v0x5616afd99750_0 .net "vSync", 0 0, v0x5616afd98090_0;  1 drivers
S_0x5616afd77520 .scope module, "gpu1" "GPU" 2 15, 3 7 0, S_0x5616afd77390;
 .timescale -9 -9;
    .port_info 0 /INPUT 1 "CLK";
    .port_info 1 /INPUT 1 "RST";
    .port_info 2 /OUTPUT 1 "HSYNC";
    .port_info 3 /OUTPUT 1 "VSYNC";
    .port_info 4 /OUTPUT 9 "HCOUNT";
    .port_info 5 /OUTPUT 10 "VCOUNT";
    .port_info 6 /OUTPUT 16 "ADDR";
    .port_info 7 /OUTPUT 1 "OE";
L_0x5616afdaa0f0 .functor AND 1, v0x5616afd96f40_0, v0x5616afd98130_0, C4<1>, C4<1>;
L_0x5616afdaa5a0 .functor BUFZ 9, v0x5616afd963b0_0, C4<000000000>, C4<000000000>, C4<000000000>;
L_0x5616afdaa660 .functor BUFZ 10, v0x5616afd974c0_0, C4<0000000000>, C4<0000000000>, C4<0000000000>;
L_0x5616afdaa720 .functor BUFZ 1, L_0x5616afda9b10, C4<0>, C4<0>, C4<0>;
v0x5616afd98280_0 .net "ADDR", 15 0, L_0x5616afdaa4b0;  alias, 1 drivers
v0x5616afd98380_0 .net "CLK", 0 0, v0x5616afd99220_0;  1 drivers
v0x5616afd98440_0 .net "HCOUNT", 8 0, L_0x5616afdaa5a0;  alias, 1 drivers
v0x5616afd98510_0 .net "HRST", 0 0, L_0x5616afdaa720;  1 drivers
v0x5616afd985b0_0 .net "HSYNC", 0 0, v0x5616afd96ea0_0;  alias, 1 drivers
v0x5616afd98650_0 .net "OE", 0 0, L_0x5616afdaa0f0;  alias, 1 drivers
v0x5616afd986f0_0 .net "RST", 0 0, v0x5616afd99610_0;  1 drivers
v0x5616afd987e0_0 .net "VCOUNT", 9 0, L_0x5616afdaa660;  alias, 1 drivers
v0x5616afd988c0_0 .net "VSYNC", 0 0, v0x5616afd98090_0;  alias, 1 drivers
v0x5616afd989f0_0 .net *"_ivl_3", 7 0, L_0x5616afdaa250;  1 drivers
v0x5616afd98ab0_0 .net *"_ivl_5", 7 0, L_0x5616afdaa380;  1 drivers
v0x5616afd98b90_0 .net "hCount", 8 0, v0x5616afd963b0_0;  1 drivers
v0x5616afd98c50_0 .net "hRst", 0 0, L_0x5616afda9b10;  1 drivers
v0x5616afd98cf0_0 .net "hVisible", 0 0, v0x5616afd96f40_0;  1 drivers
v0x5616afd98d90_0 .net "vCount", 9 0, v0x5616afd974c0_0;  1 drivers
v0x5616afd98e80_0 .net "vRst", 0 0, L_0x5616afda9f60;  1 drivers
v0x5616afd98f70_0 .net "vVisible", 0 0, v0x5616afd98130_0;  1 drivers
L_0x5616afdaa250 .part v0x5616afd974c0_0, 2, 8;
L_0x5616afdaa380 .part v0x5616afd963b0_0, 0, 8;
L_0x5616afdaa4b0 .concat [ 8 8 0 0], L_0x5616afdaa380, L_0x5616afdaa250;
S_0x5616afd30cf0 .scope module, "hcounter" "hCounter" 3 22, 4 1 0, S_0x5616afd77520;
 .timescale -9 -9;
    .port_info 0 /INPUT 1 "clk";
    .port_info 1 /INPUT 1 "rst";
    .port_info 2 /INPUT 1 "RST";
    .port_info 3 /OUTPUT 9 "count";
v0x5616afd30ed0_0 .net "RST", 0 0, v0x5616afd99610_0;  alias, 1 drivers
v0x5616afd962f0_0 .net "clk", 0 0, v0x5616afd99220_0;  alias, 1 drivers
v0x5616afd963b0_0 .var "count", 8 0;
v0x5616afd96470_0 .net "rst", 0 0, L_0x5616afda9b10;  alias, 1 drivers
E_0x5616afd74820 .event posedge, v0x5616afd30ed0_0, v0x5616afd96470_0, v0x5616afd962f0_0;
S_0x5616afd965b0 .scope module, "hgenerator" "hSyncGen" 3 23, 5 1 0, S_0x5616afd77520;
 .timescale -9 -9;
    .port_info 0 /INPUT 9 "hCount";
    .port_info 1 /OUTPUT 1 "hVisible";
    .port_info 2 /OUTPUT 1 "hSync";
    .port_info 3 /OUTPUT 1 "hRst";
v0x5616afd967d0_0 .net *"_ivl_0", 31 0, L_0x5616afd997f0;  1 drivers
L_0x7fa77bc570f0 .functor BUFT 1, C4<0>, C4<0>, C4<0>, C4<0>;
v0x5616afd968d0_0 .net/2u *"_ivl_10", 0 0, L_0x7fa77bc570f0;  1 drivers
L_0x7fa77bc57018 .functor BUFT 1, C4<00000000000000000000000>, C4<0>, C4<0>, C4<0>;
v0x5616afd969b0_0 .net *"_ivl_3", 22 0, L_0x7fa77bc57018;  1 drivers
L_0x7fa77bc57060 .functor BUFT 1, C4<00000000000000000000000100001000>, C4<0>, C4<0>, C4<0>;
v0x5616afd96a70_0 .net/2u *"_ivl_4", 31 0, L_0x7fa77bc57060;  1 drivers
v0x5616afd96b50_0 .net *"_ivl_6", 0 0, L_0x5616afda9970;  1 drivers
L_0x7fa77bc570a8 .functor BUFT 1, C4<1>, C4<0>, C4<0>, C4<0>;
v0x5616afd96c60_0 .net/2u *"_ivl_8", 0 0, L_0x7fa77bc570a8;  1 drivers
v0x5616afd96d40_0 .net "hCount", 8 0, v0x5616afd963b0_0;  alias, 1 drivers
v0x5616afd96e00_0 .net "hRst", 0 0, L_0x5616afda9b10;  alias, 1 drivers
v0x5616afd96ea0_0 .var "hSync", 0 0;
v0x5616afd96f40_0 .var "hVisible", 0 0;
E_0x5616afd75180 .event edge, v0x5616afd963b0_0;
L_0x5616afd997f0 .concat [ 9 23 0 0], v0x5616afd963b0_0, L_0x7fa77bc57018;
L_0x5616afda9970 .cmp/eq 32, L_0x5616afd997f0, L_0x7fa77bc57060;
L_0x5616afda9b10 .functor MUXZ 1, L_0x7fa77bc570f0, L_0x7fa77bc570a8, L_0x5616afda9970, C4<>;
S_0x5616afd97090 .scope module, "vcounter" "vCounter" 3 24, 6 1 0, S_0x5616afd77520;
 .timescale -9 -9;
    .port_info 0 /INPUT 1 "clk";
    .port_info 1 /INPUT 1 "rst";
    .port_info 2 /INPUT 1 "RST";
    .port_info 3 /OUTPUT 10 "count";
v0x5616afd972e0_0 .net "RST", 0 0, v0x5616afd99610_0;  alias, 1 drivers
v0x5616afd973d0_0 .net "clk", 0 0, L_0x5616afda9b10;  alias, 1 drivers
v0x5616afd974c0_0 .var "count", 9 0;
v0x5616afd97560_0 .net "rst", 0 0, L_0x5616afda9f60;  alias, 1 drivers
E_0x5616afd749a0 .event posedge, v0x5616afd30ed0_0, v0x5616afd97560_0, v0x5616afd96470_0;
S_0x5616afd976d0 .scope module, "vgenerator" "vSyncGen" 3 25, 7 1 0, S_0x5616afd77520;
 .timescale -9 -9;
    .port_info 0 /INPUT 10 "vCount";
    .port_info 1 /OUTPUT 1 "vVisible";
    .port_info 2 /OUTPUT 1 "vSync";
    .port_info 3 /OUTPUT 1 "vRst";
v0x5616afd97960_0 .net *"_ivl_0", 31 0, L_0x5616afda9ce0;  1 drivers
L_0x7fa77bc57210 .functor BUFT 1, C4<0>, C4<0>, C4<0>, C4<0>;
v0x5616afd97a60_0 .net/2u *"_ivl_10", 0 0, L_0x7fa77bc57210;  1 drivers
L_0x7fa77bc57138 .functor BUFT 1, C4<0000000000000000000000>, C4<0>, C4<0>, C4<0>;
v0x5616afd97b40_0 .net *"_ivl_3", 21 0, L_0x7fa77bc57138;  1 drivers
L_0x7fa77bc57180 .functor BUFT 1, C4<00000000000000000000001001110100>, C4<0>, C4<0>, C4<0>;
v0x5616afd97c30_0 .net/2u *"_ivl_4", 31 0, L_0x7fa77bc57180;  1 drivers
v0x5616afd97d10_0 .net *"_ivl_6", 0 0, L_0x5616afda9e20;  1 drivers
L_0x7fa77bc571c8 .functor BUFT 1, C4<1>, C4<0>, C4<0>, C4<0>;
v0x5616afd97e20_0 .net/2u *"_ivl_8", 0 0, L_0x7fa77bc571c8;  1 drivers
v0x5616afd97f00_0 .net "vCount", 9 0, v0x5616afd974c0_0;  alias, 1 drivers
v0x5616afd97fc0_0 .net "vRst", 0 0, L_0x5616afda9f60;  alias, 1 drivers
v0x5616afd98090_0 .var "vSync", 0 0;
v0x5616afd98130_0 .var "vVisible", 0 0;
E_0x5616afd74b20 .event edge, v0x5616afd974c0_0;
L_0x5616afda9ce0 .concat [ 10 22 0 0], v0x5616afd974c0_0, L_0x7fa77bc57138;
L_0x5616afda9e20 .cmp/eq 32, L_0x5616afda9ce0, L_0x7fa77bc57180;
L_0x5616afda9f60 .functor MUXZ 1, L_0x7fa77bc57210, L_0x7fa77bc571c8, L_0x5616afda9e20, C4<>;
    .scope S_0x5616afd30cf0;
T_0 ;
    %wait E_0x5616afd74820;
    %load/vec4 v0x5616afd30ed0_0;
    %flag_set/vec4 8;
    %jmp/0xz  T_0.0, 8;
    %pushi/vec4 0, 0, 9;
    %assign/vec4 v0x5616afd963b0_0, 0;
    %jmp T_0.1;
T_0.0 ;
    %load/vec4 v0x5616afd96470_0;
    %flag_set/vec4 8;
    %jmp/0xz  T_0.2, 8;
    %pushi/vec4 0, 0, 9;
    %assign/vec4 v0x5616afd963b0_0, 0;
    %jmp T_0.3;
T_0.2 ;
    %load/vec4 v0x5616afd963b0_0;
    %addi 1, 0, 9;
    %assign/vec4 v0x5616afd963b0_0, 0;
T_0.3 ;
T_0.1 ;
    %jmp T_0;
    .thread T_0;
    .scope S_0x5616afd965b0;
T_1 ;
    %wait E_0x5616afd75180;
    %load/vec4 v0x5616afd96d40_0;
    %pad/u 32;
    %cmpi/e 0, 0, 32;
    %jmp/0xz  T_1.0, 4;
    %pushi/vec4 1, 0, 1;
    %assign/vec4 v0x5616afd96f40_0, 0;
    %pushi/vec4 1, 0, 1;
    %assign/vec4 v0x5616afd96ea0_0, 0;
    %jmp T_1.1;
T_1.0 ;
    %load/vec4 v0x5616afd96d40_0;
    %pad/u 32;
    %cmpi/e 200, 0, 32;
    %jmp/0xz  T_1.2, 4;
    %pushi/vec4 0, 0, 1;
    %assign/vec4 v0x5616afd96f40_0, 0;
    %jmp T_1.3;
T_1.2 ;
    %load/vec4 v0x5616afd96d40_0;
    %pad/u 32;
    %cmpi/e 210, 0, 32;
    %jmp/0xz  T_1.4, 4;
    %pushi/vec4 0, 0, 1;
    %assign/vec4 v0x5616afd96ea0_0, 0;
    %jmp T_1.5;
T_1.4 ;
    %load/vec4 v0x5616afd96d40_0;
    %pad/u 32;
    %cmpi/e 242, 0, 32;
    %jmp/0xz  T_1.6, 4;
    %pushi/vec4 1, 0, 1;
    %assign/vec4 v0x5616afd96ea0_0, 0;
T_1.6 ;
T_1.5 ;
T_1.3 ;
T_1.1 ;
    %jmp T_1;
    .thread T_1, $push;
    .scope S_0x5616afd97090;
T_2 ;
    %wait E_0x5616afd749a0;
    %load/vec4 v0x5616afd972e0_0;
    %flag_set/vec4 8;
    %jmp/0xz  T_2.0, 8;
    %pushi/vec4 0, 0, 10;
    %assign/vec4 v0x5616afd974c0_0, 0;
    %jmp T_2.1;
T_2.0 ;
    %load/vec4 v0x5616afd97560_0;
    %flag_set/vec4 8;
    %jmp/0xz  T_2.2, 8;
    %pushi/vec4 0, 0, 10;
    %assign/vec4 v0x5616afd974c0_0, 0;
    %jmp T_2.3;
T_2.2 ;
    %load/vec4 v0x5616afd974c0_0;
    %addi 1, 0, 10;
    %assign/vec4 v0x5616afd974c0_0, 0;
T_2.3 ;
T_2.1 ;
    %jmp T_2;
    .thread T_2;
    .scope S_0x5616afd976d0;
T_3 ;
    %wait E_0x5616afd74b20;
    %load/vec4 v0x5616afd97f00_0;
    %pad/u 32;
    %cmpi/e 0, 0, 32;
    %jmp/0xz  T_3.0, 4;
    %pushi/vec4 1, 0, 1;
    %assign/vec4 v0x5616afd98130_0, 0;
    %pushi/vec4 1, 0, 1;
    %assign/vec4 v0x5616afd98090_0, 0;
    %jmp T_3.1;
T_3.0 ;
    %load/vec4 v0x5616afd97f00_0;
    %pad/u 32;
    %cmpi/e 600, 0, 32;
    %jmp/0xz  T_3.2, 4;
    %pushi/vec4 0, 0, 1;
    %assign/vec4 v0x5616afd98130_0, 0;
    %jmp T_3.3;
T_3.2 ;
    %load/vec4 v0x5616afd97f00_0;
    %pad/u 32;
    %cmpi/e 601, 0, 32;
    %jmp/0xz  T_3.4, 4;
    %pushi/vec4 0, 0, 1;
    %assign/vec4 v0x5616afd98090_0, 0;
    %jmp T_3.5;
T_3.4 ;
    %load/vec4 v0x5616afd97f00_0;
    %pad/u 32;
    %cmpi/e 605, 0, 32;
    %jmp/0xz  T_3.6, 4;
    %pushi/vec4 1, 0, 1;
    %assign/vec4 v0x5616afd98090_0, 0;
T_3.6 ;
T_3.5 ;
T_3.3 ;
T_3.1 ;
    %jmp T_3;
    .thread T_3, $push;
    .scope S_0x5616afd77390;
T_4 ;
    %vpi_call 2 18 "$monitor", "hCount=%d, vCount=%d, addr=%d, hSync=%d, vSync=%d, oe=%d", v0x5616afd992c0_0, v0x5616afd996b0_0, v0x5616afd99140_0, v0x5616afd99390_0, v0x5616afd99750_0, v0x5616afd99570_0 {0 0 0};
    %vpi_call 2 19 "$dumpfile", "GPU.vcd" {0 0 0};
    %vpi_call 2 20 "$dumpvars", 32'sb00000000000000000000000000000000, S_0x5616afd77390 {0 0 0};
    %pushi/vec4 0, 0, 1;
    %store/vec4 v0x5616afd99610_0, 0, 1;
    %delay 10, 0;
    %pushi/vec4 1, 0, 1;
    %store/vec4 v0x5616afd99610_0, 0, 1;
    %delay 10, 0;
    %pushi/vec4 0, 0, 1;
    %store/vec4 v0x5616afd99610_0, 0, 1;
    %delay 10, 0;
    %pushi/vec4 0, 0, 32;
    %store/vec4 v0x5616afd99480_0, 0, 32;
T_4.0 ;
    %load/vec4 v0x5616afd99480_0;
    %cmpi/s 165792, 0, 32;
    %jmp/0xz T_4.1, 5;
    %pushi/vec4 0, 0, 1;
    %store/vec4 v0x5616afd99220_0, 0, 1;
    %delay 10, 0;
    %pushi/vec4 1, 0, 1;
    %store/vec4 v0x5616afd99220_0, 0, 1;
    %delay 10, 0;
    ; show_stmt_assign_vector: Get l-value for compressed += operand
    %load/vec4 v0x5616afd99480_0;
    %pushi/vec4 1, 0, 32;
    %add;
    %store/vec4 v0x5616afd99480_0, 0, 32;
    %jmp T_4.0;
T_4.1 ;
    %delay 10, 0;
    %vpi_call 2 30 "$finish" {0 0 0};
    %end;
    .thread T_4;
# The file index is used to find the file name in the following table.
:file_names 8;
    "N/A";
    "<interactive>";
    "testbench.v";
    "./GPU.v";
    "./modules/hCounter.v";
    "./modules/hSyncGen.v";
    "./modules/vCounter.v";
    "./modules/vSyncGen.v";
